# JRE version: Java(TM) SE Runtime Environment (12.0.1+12) (build 12.0.1+12)
# Java VM: Java HotSpot(TM) 64-Bit Server VM (12.0.1+12, mixed mode, sharing, tiered, compressed oops, g1 gc, windows-amd64)
Heap:
 garbage-first heap   total 157696K, used 81219K [0x00000006c4200000, 0x0000000800000000)
  region size 1024K, 14 young (14336K), 4 survivors (4096K)
 Metaspace       used 63914K, capacity 68284K, committed 68432K, reserved 1110016K
  class space    used 7329K, capacity 8864K, committed 8960K, reserved 1048576K
GC Heap History (10 events):
Event: 47550.470 GC heap before
{Heap before GC invocations=252 (full 45):
 garbage-first heap   total 157696K, used 131840K [0x00000006c4200000, 0x0000000800000000)
  region size 1024K, 64 young (65536K), 0 survivors (0K)
 Metaspace       used 63626K, capacity 67883K, committed 68048K, reserved 1107968K
  class space    used 7308K, capacity 8780K, committed 8832K, reserved 1048576K
}
Event: 47550.472 GC heap after
{Heap after GC invocations=253 (full 45):
 garbage-first heap   total 157696K, used 68498K [0x00000006c4200000, 0x0000000800000000)
  region size 1024K, 3 young (3072K), 3 survivors (3072K)
 Metaspace       used 63626K, capacity 67883K, committed 68048K, reserved 1107968K
  class space    used 7308K, capacity 8780K, committed 8832K, reserved 1048576K
}
Event: 47554.506 GC heap before
{Heap before GC invocations=253 (full 45):
 garbage-first heap   total 157696K, used 130962K [0x00000006c4200000, 0x0000000800000000)
  region size 1024K, 65 young (66560K), 3 survivors (3072K)
 Metaspace       used 63751K, capacity 68071K, committed 68304K, reserved 1110016K
  class space    used 7317K, capacity 8818K, committed 8832K, reserved 1048576K
}
Event: 47554.511 GC heap after
{Heap after GC invocations=254 (full 45):
 garbage-first heap   total 157696K, used 69918K [0x00000006c4200000, 0x0000000800000000)
  region size 1024K, 4 young (4096K), 4 survivors (4096K)
 Metaspace       used 63751K, capacity 68071K, committed 68304K, reserved 1110016K
  class space    used 7317K, capacity 8818K, committed 8832K, reserved 1048576K
}
Event: 47632.311 GC heap before
{Heap before GC invocations=254 (full 45):
 garbage-first heap   total 157696K, used 91422K [0x00000006c4200000, 0x0000000800000000)
  region size 1024K, 26 young (26624K), 4 survivors (4096K)
 Metaspace       used 63757K, capacity 68077K, committed 68304K, reserved 1110016K
  class space    used 7317K, capacity 8820K, committed 8832K, reserved 1048576K
}
Event: 47632.546 GC heap after
{Heap after GC invocations=255 (full 46):
 garbage-first heap   total 157696K, used 68246K [0x00000006c4200000, 0x0000000800000000)
  region size 1024K, 0 young (0K), 0 survivors (0K)
 Metaspace       used 63757K, capacity 68077K, committed 68304K, reserved 1110016K
  class space    used 7317K, capacity 8820K, committed 8832K, reserved 1048576K
}
Event: 47637.093 GC heap before
{Heap before GC invocations=255 (full 46):
 garbage-first heap   total 157696K, used 131734K [0x00000006c4200000, 0x0000000800000000)
  region size 1024K, 62 young (63488K), 0 survivors (0K)
 Metaspace       used 63764K, capacity 68086K, committed 68304K, reserved 1110016K
  class space    used 7320K, capacity 8824K, committed 8832K, reserved 1048576K
}
Event: 47637.095 GC heap after
{Heap after GC invocations=256 (full 46):
 garbage-first heap   total 157696K, used 70605K [0x00000006c4200000, 0x0000000800000000)
  region size 1024K, 3 young (3072K), 3 survivors (3072K)
 Metaspace       used 63764K, capacity 68086K, committed 68304K, reserved 1110016K
  class space    used 7320K, capacity 8824K, committed 8832K, reserved 1048576K
}
Event: 47644.225 GC heap before
{Heap before GC invocations=256 (full 46):
 garbage-first heap   total 157696K, used 131021K [0x00000006c4200000, 0x0000000800000000)
  region size 1024K, 63 young (64512K), 3 survivors (3072K)
 Metaspace       used 63903K, capacity 68278K, committed 68432K, reserved 1110016K
  class space    used 7328K, capacity 8862K, committed 8960K, reserved 1048576K
}
Event: 47644.229 GC heap after
{Heap after GC invocations=257 (full 46):
 garbage-first heap   total 157696K, used 72003K [0x00000006c4200000, 0x0000000800000000)
  region size 1024K, 4 young (4096K), 4 survivors (4096K)
 Metaspace       used 63903K, capacity 68278K, committed 68432K, reserved 1110016K
  class space    used 7328K, capacity 8862K, committed 8960K, reserved 1048576K
}

